<?xml version="1.0" encoding="UTF-8"?>
<!-- Generated by org.testng.reporters.JUnitXMLReporter -->
<testsuite hostname="RaviKiran" name="Test" tests="1" failures="1" timestamp="25 Nov 2015 11:38:06 GMT" time="0.063" errors="0">
  <testcase name="writeExcel" time="0.015" classname="com.excel.ExcelTest">
    <failure type="java.io.FileNotFoundException" message="C:\Users\RaviKiran\Documents\Selenium2\Project2\input_files (Access is denied)">
      <![CDATA[java.io.FileNotFoundException: C:\Users\RaviKiran\Documents\Selenium2\Project2\input_files (Access is denied)
	at java.io.FileInputStream.open0(Native Method)
	at java.io.FileInputStream.open(FileInputStream.java:195)
	at java.io.FileInputStream.<init>(FileInputStream.java:138)
	at com.excel.ExcelTest.writeExcel(ExcelTest.java:66)
... Removed 33 stack frames]]>
    </failure>
  </testcase> <!-- writeExcel -->
</testsuite> <!-- Test -->
